Loading datasets...
using cuda
Start training...
[EPOCH 0]	Train Acc: 0.7595	Train Loss: 0.0022
[EPOCH 0]	Test Acc: 0.7533	Test Loss: 0.0023

[EPOCH 1]	Train Acc: 0.7919	Train Loss: 0.0020
[EPOCH 1]	Test Acc: 0.7808	Test Loss: 0.0020

[EPOCH 2]	Train Acc: 0.8061	Train Loss: 0.0019
[EPOCH 2]	Test Acc: 0.7929	Test Loss: 0.0020

[EPOCH 3]	Train Acc: 0.8040	Train Loss: 0.0020
[EPOCH 3]	Test Acc: 0.7905	Test Loss: 0.0020

[EPOCH 4]	Train Acc: 0.8041	Train Loss: 0.0019
[EPOCH 4]	Test Acc: 0.7897	Test Loss: 0.0020

[EPOCH 5]	Train Acc: 0.8133	Train Loss: 0.0019
[EPOCH 5]	Test Acc: 0.7999	Test Loss: 0.0020

[EPOCH 6]	Train Acc: 0.8185	Train Loss: 0.0019
[EPOCH 6]	Test Acc: 0.8043	Test Loss: 0.0020

[EPOCH 7]	Train Acc: 0.8213	Train Loss: 0.0019
[EPOCH 7]	Test Acc: 0.8041	Test Loss: 0.0020

[EPOCH 8]	Train Acc: 0.8303	Train Loss: 0.0019
[EPOCH 8]	Test Acc: 0.8072	Test Loss: 0.0020

[EPOCH 9]	Train Acc: 0.8190	Train Loss: 0.0019
[EPOCH 9]	Test Acc: 0.7997	Test Loss: 0.0020

[EPOCH 10]	Train Acc: 0.8376	Train Loss: 0.0018
[EPOCH 10]	Test Acc: 0.8087	Test Loss: 0.0020

[EPOCH 11]	Train Acc: 0.8314	Train Loss: 0.0019
[EPOCH 11]	Test Acc: 0.8007	Test Loss: 0.0020

[EPOCH 12]	Train Acc: 0.8339	Train Loss: 0.0018
[EPOCH 12]	Test Acc: 0.8052	Test Loss: 0.0020

[EPOCH 13]	Train Acc: 0.8364	Train Loss: 0.0018
[EPOCH 13]	Test Acc: 0.8108	Test Loss: 0.0019

[EPOCH 14]	Train Acc: 0.8490	Train Loss: 0.0018
[EPOCH 14]	Test Acc: 0.8113	Test Loss: 0.0019

[EPOCH 15]	Train Acc: 0.8475	Train Loss: 0.0018
[EPOCH 15]	Test Acc: 0.8103	Test Loss: 0.0019

[EPOCH 16]	Train Acc: 0.8437	Train Loss: 0.0018
[EPOCH 16]	Test Acc: 0.8069	Test Loss: 0.0020

[EPOCH 17]	Train Acc: 0.8530	Train Loss: 0.0018
[EPOCH 17]	Test Acc: 0.8126	Test Loss: 0.0019

[EPOCH 18]	Train Acc: 0.8560	Train Loss: 0.0018
[EPOCH 18]	Test Acc: 0.8067	Test Loss: 0.0020

[EPOCH 19]	Train Acc: 0.8500	Train Loss: 0.0018
[EPOCH 19]	Test Acc: 0.8104	Test Loss: 0.0020

[EPOCH 20]	Train Acc: 0.8482	Train Loss: 0.0018
[EPOCH 20]	Test Acc: 0.8053	Test Loss: 0.0020

[EPOCH 21]	Train Acc: 0.8570	Train Loss: 0.0018
[EPOCH 21]	Test Acc: 0.8100	Test Loss: 0.0019

[EPOCH 22]	Train Acc: 0.8641	Train Loss: 0.0017
[EPOCH 22]	Test Acc: 0.8210	Test Loss: 0.0019

[EPOCH 23]	Train Acc: 0.8692	Train Loss: 0.0017
[EPOCH 23]	Test Acc: 0.8208	Test Loss: 0.0019

[EPOCH 24]	Train Acc: 0.8765	Train Loss: 0.0017
[EPOCH 24]	Test Acc: 0.8228	Test Loss: 0.0019

[EPOCH 25]	Train Acc: 0.8568	Train Loss: 0.0018
[EPOCH 25]	Test Acc: 0.8123	Test Loss: 0.0019

[EPOCH 26]	Train Acc: 0.8538	Train Loss: 0.0018
[EPOCH 26]	Test Acc: 0.8074	Test Loss: 0.0020

[EPOCH 27]	Train Acc: 0.8745	Train Loss: 0.0017
[EPOCH 27]	Test Acc: 0.8196	Test Loss: 0.0019

[EPOCH 28]	Train Acc: 0.8692	Train Loss: 0.0017
[EPOCH 28]	Test Acc: 0.8163	Test Loss: 0.0019

[EPOCH 29]	Train Acc: 0.8717	Train Loss: 0.0017
[EPOCH 29]	Test Acc: 0.8147	Test Loss: 0.0019

[EPOCH 30]	Train Acc: 0.8775	Train Loss: 0.0017
[EPOCH 30]	Test Acc: 0.8173	Test Loss: 0.0019

[EPOCH 31]	Train Acc: 0.8744	Train Loss: 0.0017
[EPOCH 31]	Test Acc: 0.8203	Test Loss: 0.0019

[EPOCH 32]	Train Acc: 0.8669	Train Loss: 0.0017
[EPOCH 32]	Test Acc: 0.8146	Test Loss: 0.0019

[EPOCH 33]	Train Acc: 0.8646	Train Loss: 0.0017
[EPOCH 33]	Test Acc: 0.8080	Test Loss: 0.0020

[EPOCH 34]	Train Acc: 0.8890	Train Loss: 0.0017
[EPOCH 34]	Test Acc: 0.8196	Test Loss: 0.0019

[EPOCH 35]	Train Acc: 0.8862	Train Loss: 0.0017
[EPOCH 35]	Test Acc: 0.8214	Test Loss: 0.0019

[EPOCH 36]	Train Acc: 0.8813	Train Loss: 0.0017
[EPOCH 36]	Test Acc: 0.8188	Test Loss: 0.0019

[EPOCH 37]	Train Acc: 0.9039	Train Loss: 0.0016
[EPOCH 37]	Test Acc: 0.8248	Test Loss: 0.0019

[EPOCH 38]	Train Acc: 0.8906	Train Loss: 0.0016
[EPOCH 38]	Test Acc: 0.8132	Test Loss: 0.0019

[EPOCH 39]	Train Acc: 0.9008	Train Loss: 0.0016
[EPOCH 39]	Test Acc: 0.8205	Test Loss: 0.0019

[EPOCH 40]	Train Acc: 0.8958	Train Loss: 0.0016
[EPOCH 40]	Test Acc: 0.8186	Test Loss: 0.0019

[EPOCH 41]	Train Acc: 0.9011	Train Loss: 0.0016
[EPOCH 41]	Test Acc: 0.8183	Test Loss: 0.0019

[EPOCH 42]	Train Acc: 0.8995	Train Loss: 0.0016
[EPOCH 42]	Test Acc: 0.8165	Test Loss: 0.0019

[EPOCH 43]	Train Acc: 0.9109	Train Loss: 0.0016
[EPOCH 43]	Test Acc: 0.8199	Test Loss: 0.0019

[EPOCH 44]	Train Acc: 0.9083	Train Loss: 0.0016
[EPOCH 44]	Test Acc: 0.8197	Test Loss: 0.0019

[EPOCH 45]	Train Acc: 0.8963	Train Loss: 0.0016
[EPOCH 45]	Test Acc: 0.8146	Test Loss: 0.0019

[EPOCH 46]	Train Acc: 0.9110	Train Loss: 0.0016
[EPOCH 46]	Test Acc: 0.8236	Test Loss: 0.0019

[EPOCH 47]	Train Acc: 0.9145	Train Loss: 0.0016
[EPOCH 47]	Test Acc: 0.8212	Test Loss: 0.0019

[EPOCH 48]	Train Acc: 0.9152	Train Loss: 0.0016
[EPOCH 48]	Test Acc: 0.8192	Test Loss: 0.0019

[EPOCH 49]	Train Acc: 0.9176	Train Loss: 0.0015
[EPOCH 49]	Test Acc: 0.8197	Test Loss: 0.0019

[EPOCH 50]	Train Acc: 0.9121	Train Loss: 0.0016
[EPOCH 50]	Test Acc: 0.8197	Test Loss: 0.0019

[EPOCH 51]	Train Acc: 0.9155	Train Loss: 0.0015
[EPOCH 51]	Test Acc: 0.8198	Test Loss: 0.0019

[EPOCH 52]	Train Acc: 0.9159	Train Loss: 0.0015
[EPOCH 52]	Test Acc: 0.8191	Test Loss: 0.0019

[EPOCH 53]	Train Acc: 0.9238	Train Loss: 0.0015
[EPOCH 53]	Test Acc: 0.8213	Test Loss: 0.0019

[EPOCH 54]	Train Acc: 0.9163	Train Loss: 0.0015
[EPOCH 54]	Test Acc: 0.8214	Test Loss: 0.0019

[EPOCH 55]	Train Acc: 0.9263	Train Loss: 0.0015
[EPOCH 55]	Test Acc: 0.8186	Test Loss: 0.0019

[EPOCH 56]	Train Acc: 0.9271	Train Loss: 0.0015
[EPOCH 56]	Test Acc: 0.8245	Test Loss: 0.0019

[EPOCH 57]	Train Acc: 0.9295	Train Loss: 0.0015
[EPOCH 57]	Test Acc: 0.8170	Test Loss: 0.0019

[EPOCH 58]	Train Acc: 0.9370	Train Loss: 0.0015
[EPOCH 58]	Test Acc: 0.8246	Test Loss: 0.0019

[EPOCH 59]	Train Acc: 0.9283	Train Loss: 0.0015
[EPOCH 59]	Test Acc: 0.8266	Test Loss: 0.0019

[EPOCH 60]	Train Acc: 0.9235	Train Loss: 0.0015
[EPOCH 60]	Test Acc: 0.8132	Test Loss: 0.0019

[EPOCH 61]	Train Acc: 0.9317	Train Loss: 0.0015
[EPOCH 61]	Test Acc: 0.8221	Test Loss: 0.0019

[EPOCH 62]	Train Acc: 0.9302	Train Loss: 0.0015
[EPOCH 62]	Test Acc: 0.8198	Test Loss: 0.0019

[EPOCH 63]	Train Acc: 0.9394	Train Loss: 0.0015
[EPOCH 63]	Test Acc: 0.8234	Test Loss: 0.0019

[EPOCH 64]	Train Acc: 0.9386	Train Loss: 0.0015
[EPOCH 64]	Test Acc: 0.8188	Test Loss: 0.0019

[EPOCH 65]	Train Acc: 0.9394	Train Loss: 0.0015
[EPOCH 65]	Test Acc: 0.8228	Test Loss: 0.0019

[EPOCH 66]	Train Acc: 0.9371	Train Loss: 0.0015
[EPOCH 66]	Test Acc: 0.8145	Test Loss: 0.0019

[EPOCH 67]	Train Acc: 0.9414	Train Loss: 0.0015
[EPOCH 67]	Test Acc: 0.8193	Test Loss: 0.0019

[EPOCH 68]	Train Acc: 0.9409	Train Loss: 0.0015
[EPOCH 68]	Test Acc: 0.8246	Test Loss: 0.0019

[EPOCH 69]	Train Acc: 0.9454	Train Loss: 0.0014
[EPOCH 69]	Test Acc: 0.8227	Test Loss: 0.0019

[EPOCH 70]	Train Acc: 0.9422	Train Loss: 0.0014
[EPOCH 70]	Test Acc: 0.8211	Test Loss: 0.0019

[EPOCH 71]	Train Acc: 0.9465	Train Loss: 0.0014
[EPOCH 71]	Test Acc: 0.8215	Test Loss: 0.0019

[EPOCH 72]	Train Acc: 0.9415	Train Loss: 0.0015
[EPOCH 72]	Test Acc: 0.8162	Test Loss: 0.0019

[EPOCH 73]	Train Acc: 0.9452	Train Loss: 0.0014
[EPOCH 73]	Test Acc: 0.8259	Test Loss: 0.0019

[EPOCH 74]	Train Acc: 0.9433	Train Loss: 0.0014
[EPOCH 74]	Test Acc: 0.8164	Test Loss: 0.0019

[EPOCH 75]	Train Acc: 0.9475	Train Loss: 0.0014
[EPOCH 75]	Test Acc: 0.8215	Test Loss: 0.0019

[EPOCH 76]	Train Acc: 0.9499	Train Loss: 0.0014
[EPOCH 76]	Test Acc: 0.8211	Test Loss: 0.0019

[EPOCH 77]	Train Acc: 0.9497	Train Loss: 0.0014
[EPOCH 77]	Test Acc: 0.8226	Test Loss: 0.0019

[EPOCH 78]	Train Acc: 0.9489	Train Loss: 0.0014
[EPOCH 78]	Test Acc: 0.8224	Test Loss: 0.0019

[EPOCH 79]	Train Acc: 0.9492	Train Loss: 0.0014
[EPOCH 79]	Test Acc: 0.8192	Test Loss: 0.0019

[EPOCH 80]	Train Acc: 0.9561	Train Loss: 0.0014
[EPOCH 80]	Test Acc: 0.8215	Test Loss: 0.0019

[EPOCH 81]	Train Acc: 0.9536	Train Loss: 0.0014
[EPOCH 81]	Test Acc: 0.8214	Test Loss: 0.0019

[EPOCH 82]	Train Acc: 0.9585	Train Loss: 0.0014
[EPOCH 82]	Test Acc: 0.8232	Test Loss: 0.0019

[EPOCH 83]	Train Acc: 0.9592	Train Loss: 0.0014
[EPOCH 83]	Test Acc: 0.8234	Test Loss: 0.0019

[EPOCH 84]	Train Acc: 0.9592	Train Loss: 0.0014
[EPOCH 84]	Test Acc: 0.8234	Test Loss: 0.0019

[EPOCH 85]	Train Acc: 0.9582	Train Loss: 0.0014
[EPOCH 85]	Test Acc: 0.8171	Test Loss: 0.0019

[EPOCH 86]	Train Acc: 0.9578	Train Loss: 0.0014
[EPOCH 86]	Test Acc: 0.8207	Test Loss: 0.0019

[EPOCH 87]	Train Acc: 0.9582	Train Loss: 0.0014
[EPOCH 87]	Test Acc: 0.8247	Test Loss: 0.0019

[EPOCH 88]	Train Acc: 0.9589	Train Loss: 0.0014
[EPOCH 88]	Test Acc: 0.8217	Test Loss: 0.0019

[EPOCH 89]	Train Acc: 0.9604	Train Loss: 0.0014
[EPOCH 89]	Test Acc: 0.8207	Test Loss: 0.0019

[EPOCH 90]	Train Acc: 0.9595	Train Loss: 0.0014
[EPOCH 90]	Test Acc: 0.8214	Test Loss: 0.0019

[EPOCH 91]	Train Acc: 0.9605	Train Loss: 0.0014
[EPOCH 91]	Test Acc: 0.8231	Test Loss: 0.0019

[EPOCH 92]	Train Acc: 0.9607	Train Loss: 0.0014
[EPOCH 92]	Test Acc: 0.8229	Test Loss: 0.0019

[EPOCH 93]	Train Acc: 0.9628	Train Loss: 0.0014
[EPOCH 93]	Test Acc: 0.8225	Test Loss: 0.0019

[EPOCH 94]	Train Acc: 0.9623	Train Loss: 0.0014
[EPOCH 94]	Test Acc: 0.8223	Test Loss: 0.0019

[EPOCH 95]	Train Acc: 0.9623	Train Loss: 0.0014
[EPOCH 95]	Test Acc: 0.8232	Test Loss: 0.0019

[EPOCH 96]	Train Acc: 0.9628	Train Loss: 0.0014
[EPOCH 96]	Test Acc: 0.8220	Test Loss: 0.0019

[EPOCH 97]	Train Acc: 0.9643	Train Loss: 0.0014
[EPOCH 97]	Test Acc: 0.8185	Test Loss: 0.0019

[EPOCH 98]	Train Acc: 0.9637	Train Loss: 0.0014
[EPOCH 98]	Test Acc: 0.8214	Test Loss: 0.0019

[EPOCH 99]	Train Acc: 0.9655	Train Loss: 0.0014
[EPOCH 99]	Test Acc: 0.8234	Test Loss: 0.0019

[EPOCH 100]	Train Acc: 0.9647	Train Loss: 0.0014
[EPOCH 100]	Test Acc: 0.8210	Test Loss: 0.0019

[EPOCH 101]	Train Acc: 0.9649	Train Loss: 0.0014
[EPOCH 101]	Test Acc: 0.8196	Test Loss: 0.0019

[EPOCH 102]	Train Acc: 0.9658	Train Loss: 0.0014
[EPOCH 102]	Test Acc: 0.8211	Test Loss: 0.0019

[EPOCH 103]	Train Acc: 0.9655	Train Loss: 0.0014
[EPOCH 103]	Test Acc: 0.8203	Test Loss: 0.0019

[EPOCH 104]	Train Acc: 0.9666	Train Loss: 0.0014
[EPOCH 104]	Test Acc: 0.8204	Test Loss: 0.0019

[EPOCH 105]	Train Acc: 0.9667	Train Loss: 0.0014
[EPOCH 105]	Test Acc: 0.8190	Test Loss: 0.0019

[EPOCH 106]	Train Acc: 0.9668	Train Loss: 0.0014
[EPOCH 106]	Test Acc: 0.8203	Test Loss: 0.0019

[EPOCH 107]	Train Acc: 0.9663	Train Loss: 0.0014
[EPOCH 107]	Test Acc: 0.8226	Test Loss: 0.0019

[EPOCH 108]	Train Acc: 0.9676	Train Loss: 0.0014
[EPOCH 108]	Test Acc: 0.8207	Test Loss: 0.0019

[EPOCH 109]	Train Acc: 0.9678	Train Loss: 0.0014
[EPOCH 109]	Test Acc: 0.8215	Test Loss: 0.0019

[EPOCH 110]	Train Acc: 0.9672	Train Loss: 0.0014
[EPOCH 110]	Test Acc: 0.8174	Test Loss: 0.0019

[EPOCH 111]	Train Acc: 0.9682	Train Loss: 0.0014
[EPOCH 111]	Test Acc: 0.8198	Test Loss: 0.0019

[EPOCH 112]	Train Acc: 0.9684	Train Loss: 0.0013
[EPOCH 112]	Test Acc: 0.8201	Test Loss: 0.0019

[EPOCH 113]	Train Acc: 0.9684	Train Loss: 0.0013
[EPOCH 113]	Test Acc: 0.8203	Test Loss: 0.0019

[EPOCH 114]	Train Acc: 0.9681	Train Loss: 0.0014
[EPOCH 114]	Test Acc: 0.8178	Test Loss: 0.0019

[EPOCH 115]	Train Acc: 0.9685	Train Loss: 0.0013
[EPOCH 115]	Test Acc: 0.8179	Test Loss: 0.0019

[EPOCH 116]	Train Acc: 0.9685	Train Loss: 0.0013
[EPOCH 116]	Test Acc: 0.8205	Test Loss: 0.0019

[EPOCH 117]	Train Acc: 0.9686	Train Loss: 0.0013
[EPOCH 117]	Test Acc: 0.8192	Test Loss: 0.0019

[EPOCH 118]	Train Acc: 0.9690	Train Loss: 0.0013
[EPOCH 118]	Test Acc: 0.8218	Test Loss: 0.0019

[EPOCH 119]	Train Acc: 0.9693	Train Loss: 0.0013
[EPOCH 119]	Test Acc: 0.8199	Test Loss: 0.0019

