000 (118567.000.000) 2022-02-23 00:11:06 Job submitted from host: <172.30.1.200:9618?addrs=172.30.1.200-9618&alias=tamsa2.snu.ac.kr&noUDP&sock=schedd_3154_f5cb>
...
040 (118567.000.000) 2022-02-23 00:11:06 Started transferring input files
	Transferring to host: <172.30.1.111:9618?addrs=172.30.1.111-9618&alias=n11&noUDP&sock=slot1_1_12917_f1e6_43>
...
040 (118567.000.000) 2022-02-23 00:11:06 Finished transferring input files
...
001 (118567.000.000) 2022-02-23 00:11:07 Job executing on host: <172.30.1.111:9618?addrs=172.30.1.111-9618&alias=n11&noUDP&sock=startd_12883_3eb2>
...
006 (118567.000.000) 2022-02-23 00:11:16 Image size of job updated: 606456
	483  -  MemoryUsage of job (MB)
	493940  -  ResidentSetSize of job (KB)
...
006 (118567.000.000) 2022-02-23 00:16:17 Image size of job updated: 115148372
	3994  -  MemoryUsage of job (MB)
	4089396  -  ResidentSetSize of job (KB)
...
040 (118567.000.000) 2022-02-23 00:18:41 Started transferring output files
...
040 (118567.000.000) 2022-02-23 00:18:41 Finished transferring output files
...
005 (118567.000.000) 2022-02-23 00:18:41 Job terminated.
	(1) Normal termination (return value 0)
		Usr 0 00:30:57, Sys 0 00:04:21  -  Run Remote Usage
		Usr 0 00:00:00, Sys 0 00:00:00  -  Run Local Usage
		Usr 0 00:30:57, Sys 0 00:04:21  -  Total Remote Usage
		Usr 0 00:00:00, Sys 0 00:00:00  -  Total Local Usage
	11469  -  Run Bytes Sent By Job
	2582  -  Run Bytes Received By Job
	11469  -  Total Bytes Sent By Job
	2582  -  Total Bytes Received By Job
	Partitionable Resources :    Usage  Request Allocated Assigned
	   Cpus                 :     4.25        6         6 
	   Disk (KB)            :    57           3    127640 
	   Gpus (Average)       :     0.24        2         2 "GPU-ebb73fb1,GPU-5aaacc6f"
	   GpusMemory (MB)      :   311                       
	   Memory (MB)          :  3994       30720     30720 

	Job terminated of its own accord at 2022-02-22T15:18:41Z.
...
